<?xml version="1.0" encoding="UTF-8"?>
<testsuites name="jest tests" tests="8" failures="1" errors="0" time="2.65">
  <testsuite name="POST /upload/presign - Contract Tests" errors="0" failures="1" skipped="7" timestamp="2025-10-11T08:30:44" time="2.437" tests="8">
    <testcase classname="POST /upload/presign - Contract Tests Single Upload Response Contract should return 200 with valid single upload response schema" name="POST /upload/presign - Contract Tests Single Upload Response Contract should return 200 with valid single upload response schema" time="0.231">
      <failure>Error: expect(received).toBe(expected) // Object.is equality

Expected: 200
Received: 500
    at Object.&lt;anonymous&gt; (/home/jeffreymoya/dev/photoeditor/backend/tests/contracts/presign.contract.test.ts:125:33)
    at processTicksAndRejections (node:internal/process/task_queues:105:5)</failure>
    </testcase>
    <testcase classname="POST /upload/presign - Contract Tests Single Upload Response Contract should return 400 with error schema for missing body" name="POST /upload/presign - Contract Tests Single Upload Response Contract should return 400 with error schema for missing body" time="0">
      <skipped/>
    </testcase>
    <testcase classname="POST /upload/presign - Contract Tests Single Upload Response Contract should return 400 for invalid content type" name="POST /upload/presign - Contract Tests Single Upload Response Contract should return 400 for invalid content type" time="0">
      <skipped/>
    </testcase>
    <testcase classname="POST /upload/presign - Contract Tests Single Upload Response Contract should return 400 for file size exceeding 50MB" name="POST /upload/presign - Contract Tests Single Upload Response Contract should return 400 for file size exceeding 50MB" time="0">
      <skipped/>
    </testcase>
    <testcase classname="POST /upload/presign - Contract Tests Batch Upload Response Contract should return 200 with valid batch upload response schema" name="POST /upload/presign - Contract Tests Batch Upload Response Contract should return 200 with valid batch upload response schema" time="0">
      <skipped/>
    </testcase>
    <testcase classname="POST /upload/presign - Contract Tests Batch Upload Response Contract should enforce max 10 files per batch constraint" name="POST /upload/presign - Contract Tests Batch Upload Response Contract should enforce max 10 files per batch constraint" time="0">
      <skipped/>
    </testcase>
    <testcase classname="POST /upload/presign - Contract Tests Error Response Contract should return 500 with error schema for internal errors" name="POST /upload/presign - Contract Tests Error Response Contract should return 500 with error schema for internal errors" time="0">
      <skipped/>
    </testcase>
    <testcase classname="POST /upload/presign - Contract Tests Error Response Contract should include traceparent header when present in request" name="POST /upload/presign - Contract Tests Error Response Contract should include traceparent header when present in request" time="0">
      <skipped/>
    </testcase>
  </testsuite>
</testsuites>