<?xml version="1.0" encoding="UTF-8"?>
<testsuites name="jest tests" tests="117" failures="0" errors="0" time="6.452">
  <testsuite name="Dependency Analysis" errors="0" failures="0" skipped="0" timestamp="2025-10-04T06:26:34" time="0.656" tests="5">
    <testcase classname="Dependency Analysis Package Configuration Validation production dependencies are properly declared" name="Dependency Analysis Package Configuration Validation production dependencies are properly declared" time="0.052">
    </testcase>
    <testcase classname="Dependency Analysis Package Configuration Validation external dependencies in build config are available in Lambda runtime" name="Dependency Analysis Package Configuration Validation external dependencies in build config are available in Lambda runtime" time="0.007">
    </testcase>
    <testcase classname="Dependency Analysis Bundle Configuration Analysis esbuild configuration is consistent across lambdas" name="Dependency Analysis Bundle Configuration Analysis esbuild configuration is consistent across lambdas" time="0.011">
    </testcase>
    <testcase classname="Dependency Analysis Bundle Configuration Analysis critical dependencies are not externalized" name="Dependency Analysis Bundle Configuration Analysis critical dependencies are not externalized" time="0.003">
    </testcase>
    <testcase classname="Dependency Analysis Runtime Dependencies Check no conflicting dependency versions" name="Dependency Analysis Runtime Dependencies Check no conflicting dependency versions" time="0.002">
    </testcase>
  </testsuite>
  <testsuite name="Lambda Build Validation" errors="0" failures="0" skipped="0" timestamp="2025-10-04T06:26:35" time="0.254" tests="9">
    <testcase classname="Lambda Build Validation JavaScript Bundle Validation bundled presign lambda contains required dependencies" name="Lambda Build Validation JavaScript Bundle Validation bundled presign lambda contains required dependencies" time="0.003">
    </testcase>
    <testcase classname="Lambda Build Validation JavaScript Bundle Validation bundled status lambda contains required dependencies" name="Lambda Build Validation JavaScript Bundle Validation bundled status lambda contains required dependencies" time="0.003">
    </testcase>
    <testcase classname="Lambda Build Validation JavaScript Bundle Validation bundled worker lambda contains required dependencies" name="Lambda Build Validation JavaScript Bundle Validation bundled worker lambda contains required dependencies" time="0.002">
    </testcase>
    <testcase classname="Lambda Build Validation JavaScript Bundle Validation external dependencies are only AWS SDK modules" name="Lambda Build Validation JavaScript Bundle Validation external dependencies are only AWS SDK modules" time="0.007">
    </testcase>
    <testcase classname="Lambda Build Validation ZIP File Validation presign lambda ZIP file exists" name="Lambda Build Validation ZIP File Validation presign lambda ZIP file exists" time="0.002">
    </testcase>
    <testcase classname="Lambda Build Validation ZIP File Validation status lambda ZIP file exists" name="Lambda Build Validation ZIP File Validation status lambda ZIP file exists" time="0.005">
    </testcase>
    <testcase classname="Lambda Build Validation ZIP File Validation worker lambda ZIP file exists" name="Lambda Build Validation ZIP File Validation worker lambda ZIP file exists" time="0.001">
    </testcase>
    <testcase classname="Lambda Build Validation Bundle Analysis critical dependencies are properly bundled" name="Lambda Build Validation Bundle Analysis critical dependencies are properly bundled" time="0.004">
    </testcase>
    <testcase classname="Lambda Build Validation Bundle Analysis no obvious import errors in bundled code" name="Lambda Build Validation Bundle Analysis no obvious import errors in bundled code" time="0.004">
    </testcase>
  </testsuite>
  <testsuite name="AppLogger" errors="0" failures="0" skipped="0" timestamp="2025-10-04T06:26:34" time="5.075" tests="20">
    <testcase classname="AppLogger Structured Logging - Required Fields should emit structured fields for correlationId" name="AppLogger Structured Logging - Required Fields should emit structured fields for correlationId" time="0.016">
    </testcase>
    <testcase classname="AppLogger Structured Logging - Required Fields should emit structured fields for requestId" name="AppLogger Structured Logging - Required Fields should emit structured fields for requestId" time="0.002">
    </testcase>
    <testcase classname="AppLogger Structured Logging - Required Fields should emit structured fields for jobId" name="AppLogger Structured Logging - Required Fields should emit structured fields for jobId" time="0.002">
    </testcase>
    <testcase classname="AppLogger Structured Logging - Required Fields should emit structured fields for userId" name="AppLogger Structured Logging - Required Fields should emit structured fields for userId" time="0.002">
    </testcase>
    <testcase classname="AppLogger Structured Logging - Required Fields should emit multiple structured fields together" name="AppLogger Structured Logging - Required Fields should emit multiple structured fields together" time="0.002">
    </testcase>
    <testcase classname="AppLogger formatContext - Field Filtering should filter out undefined values from context" name="AppLogger formatContext - Field Filtering should filter out undefined values from context" time="0.002">
    </testcase>
    <testcase classname="AppLogger formatContext - Field Filtering should filter out null values from context" name="AppLogger formatContext - Field Filtering should filter out null values from context" time="0.002">
    </testcase>
    <testcase classname="AppLogger formatContext - Field Filtering should return empty object when context is undefined" name="AppLogger formatContext - Field Filtering should return empty object when context is undefined" time="0.003">
    </testcase>
    <testcase classname="AppLogger Log Levels should log info messages with context" name="AppLogger Log Levels should log info messages with context" time="0.002">
    </testcase>
    <testcase classname="AppLogger Log Levels should log warn messages with context" name="AppLogger Log Levels should log warn messages with context" time="0.002">
    </testcase>
    <testcase classname="AppLogger Log Levels should log error messages with context" name="AppLogger Log Levels should log error messages with context" time="0.018">
    </testcase>
    <testcase classname="AppLogger Log Levels should log debug messages with context" name="AppLogger Log Levels should log debug messages with context" time="0.002">
    </testcase>
    <testcase classname="AppLogger Specialized Logging Methods should log request start with required fields" name="AppLogger Specialized Logging Methods should log request start with required fields" time="0.002">
    </testcase>
    <testcase classname="AppLogger Specialized Logging Methods should log request end with duration" name="AppLogger Specialized Logging Methods should log request end with duration" time="0.005">
    </testcase>
    <testcase classname="AppLogger Specialized Logging Methods should log job status changes" name="AppLogger Specialized Logging Methods should log job status changes" time="0.002">
    </testcase>
    <testcase classname="AppLogger Specialized Logging Methods should log provider calls with success" name="AppLogger Specialized Logging Methods should log provider calls with success" time="0.001">
    </testcase>
    <testcase classname="AppLogger Specialized Logging Methods should log provider calls with failure" name="AppLogger Specialized Logging Methods should log provider calls with failure" time="0.001">
    </testcase>
    <testcase classname="AppLogger Error Handling should extract error information from Error objects" name="AppLogger Error Handling should extract error information from Error objects" time="0.002">
    </testcase>
    <testcase classname="AppLogger Error Handling should handle string errors" name="AppLogger Error Handling should handle string errors" time="0.015">
    </testcase>
    <testcase classname="AppLogger Child Logger should create child logger with persistent context" name="AppLogger Child Logger should create child logger with persistent context" time="0.002">
    </testcase>
  </testsuite>
  <testsuite name="DLQ redrive" errors="0" failures="0" skipped="0" timestamp="2025-10-04T06:26:34" time="5.209" tests="8">
    <testcase classname="DLQ redrive DLQ configuration should verify main queue has DLQ configured" name="DLQ redrive DLQ configuration should verify main queue has DLQ configured" time="0.019">
    </testcase>
    <testcase classname="DLQ redrive DLQ configuration should fail fast if DLQ is missing" name="DLQ redrive DLQ configuration should fail fast if DLQ is missing" time="0.009">
    </testcase>
    <testcase classname="DLQ redrive DLQ configuration should verify DLQ maxReceiveCount is properly configured" name="DLQ redrive DLQ configuration should verify DLQ maxReceiveCount is properly configured" time="0.009">
    </testcase>
    <testcase classname="DLQ redrive DLQ redrive flow should successfully redrive messages from DLQ to main queue" name="DLQ redrive DLQ redrive flow should successfully redrive messages from DLQ to main queue" time="0.019">
    </testcase>
    <testcase classname="DLQ redrive DLQ redrive flow should handle idempotent processing of redriven messages" name="DLQ redrive DLQ redrive flow should handle idempotent processing of redriven messages" time="0.016">
    </testcase>
    <testcase classname="DLQ redrive DLQ redrive flow should verify poison messages are isolated in DLQ" name="DLQ redrive DLQ redrive flow should verify poison messages are isolated in DLQ" time="0.013">
    </testcase>
    <testcase classname="DLQ redrive DLQ redrive flow should handle empty DLQ gracefully" name="DLQ redrive DLQ redrive flow should handle empty DLQ gracefully" time="0.009">
    </testcase>
    <testcase classname="DLQ redrive Redrive policy validation should verify redrive policy matches DLQ ARN" name="DLQ redrive Redrive policy validation should verify redrive policy matches DLQ ARN" time="0.018">
    </testcase>
  </testsuite>
  <testsuite name="NotificationService" errors="0" failures="0" skipped="0" timestamp="2025-10-04T06:26:34" time="5.318" tests="7">
    <testcase classname="NotificationService sendJobStatusNotification should publish notification with correct payload for COMPLETED job" name="NotificationService sendJobStatusNotification should publish notification with correct payload for COMPLETED job" time="0.014">
    </testcase>
    <testcase classname="NotificationService sendJobStatusNotification should publish notification with error for FAILED job" name="NotificationService sendJobStatusNotification should publish notification with error for FAILED job" time="0.009">
    </testcase>
    <testcase classname="NotificationService sendJobStatusNotification should include previousStatus in data when provided" name="NotificationService sendJobStatusNotification should include previousStatus in data when provided" time="0.007">
    </testcase>
    <testcase classname="NotificationService sendJobCompletionNotification should publish completion notification" name="NotificationService sendJobCompletionNotification should publish completion notification" time="0.01">
    </testcase>
    <testcase classname="NotificationService sendBatchJobCompletionNotification should publish batch completion notification" name="NotificationService sendBatchJobCompletionNotification should publish batch completion notification" time="0.022">
    </testcase>
    <testcase classname="NotificationService sendBatchJobCompletionNotification should include batch metadata in data" name="NotificationService sendBatchJobCompletionNotification should include batch metadata in data" time="0.006">
    </testcase>
    <testcase classname="NotificationService status messages should return correct message for each status" name="NotificationService status messages should return correct message for each status" time="0.015">
    </testcase>
  </testsuite>
  <testsuite name="S3KeyStrategyImpl" errors="0" failures="0" skipped="0" timestamp="2025-10-04T06:26:34" time="5.438" tests="16">
    <testcase classname="S3KeyStrategyImpl generateTempKey should generate temp key with correct structure" name="S3KeyStrategyImpl generateTempKey should generate temp key with correct structure" time="0.006">
    </testcase>
    <testcase classname="S3KeyStrategyImpl generateTempKey should sanitize filename" name="S3KeyStrategyImpl generateTempKey should sanitize filename" time="0.001">
    </testcase>
    <testcase classname="S3KeyStrategyImpl generateFinalKey should generate final key with correct structure" name="S3KeyStrategyImpl generateFinalKey should generate final key with correct structure" time="0">
    </testcase>
    <testcase classname="S3KeyStrategyImpl generateFinalKey should sanitize filename" name="S3KeyStrategyImpl generateFinalKey should sanitize filename" time="0">
    </testcase>
    <testcase classname="S3KeyStrategyImpl parseTempKey should parse valid temp key" name="S3KeyStrategyImpl parseTempKey should parse valid temp key" time="0.002">
    </testcase>
    <testcase classname="S3KeyStrategyImpl parseTempKey should return null for invalid temp key" name="S3KeyStrategyImpl parseTempKey should return null for invalid temp key" time="0.002">
    </testcase>
    <testcase classname="S3KeyStrategyImpl parseFinalKey should parse valid final key" name="S3KeyStrategyImpl parseFinalKey should parse valid final key" time="0.001">
    </testcase>
    <testcase classname="S3KeyStrategyImpl parseFinalKey should return null for invalid final key" name="S3KeyStrategyImpl parseFinalKey should return null for invalid final key" time="0">
    </testcase>
    <testcase classname="S3Service generatePresignedUpload should return presigned upload with correct fields" name="S3Service generatePresignedUpload should return presigned upload with correct fields" time="0.008">
    </testcase>
    <testcase classname="S3Service generatePresignedUpload should include metadata in presigned URL" name="S3Service generatePresignedUpload should include metadata in presigned URL" time="0.003">
    </testcase>
    <testcase classname="S3Service optimizeAndUploadImage should download, optimize with sharp, and upload image" name="S3Service optimizeAndUploadImage should download, optimize with sharp, and upload image" time="0.013">
    </testcase>
    <testcase classname="S3Service getObjectInfo should return object metadata when object exists" name="S3Service getObjectInfo should return object metadata when object exists" time="0.006">
    </testcase>
    <testcase classname="S3Service getObjectInfo should return null when object does not exist" name="S3Service getObjectInfo should return null when object does not exist" time="0.015">
    </testcase>
    <testcase classname="S3Service getObjectInfo should throw for other S3 errors" name="S3Service getObjectInfo should throw for other S3 errors" time="0.022">
    </testcase>
    <testcase classname="S3Service bucket getters should return temp bucket" name="S3Service bucket getters should return temp bucket" time="0.002">
    </testcase>
    <testcase classname="S3Service bucket getters should return final bucket" name="S3Service bucket getters should return final bucket" time="0.003">
    </testcase>
  </testsuite>
  <testsuite name="JobService" errors="0" failures="0" skipped="0" timestamp="2025-10-04T06:26:34" time="5.54" tests="19">
    <testcase classname="JobService createJob should create job with required fields" name="JobService createJob should create job with required fields" time="0.018">
    </testcase>
    <testcase classname="JobService createJob should create job with optional batchJobId" name="JobService createJob should create job with optional batchJobId" time="0.01">
    </testcase>
    <testcase classname="JobService createJob should set TTL to 90 days from now" name="JobService createJob should set TTL to 90 days from now" time="0.013">
    </testcase>
    <testcase classname="JobService getJob should return job when it exists" name="JobService getJob should return job when it exists" time="0.009">
    </testcase>
    <testcase classname="JobService getJob should return null when job does not exist" name="JobService getJob should return null when job does not exist" time="0.008">
    </testcase>
    <testcase classname="JobService updateJobStatus should update status and updatedAt" name="JobService updateJobStatus should update status and updatedAt" time="0.009">
    </testcase>
    <testcase classname="JobService updateJobStatus should update with tempS3Key" name="JobService updateJobStatus should update with tempS3Key" time="0.008">
    </testcase>
    <testcase classname="JobService updateJobStatus should update with finalS3Key" name="JobService updateJobStatus should update with finalS3Key" time="0.007">
    </testcase>
    <testcase classname="JobService updateJobStatus should update with error" name="JobService updateJobStatus should update with error" time="0.009">
    </testcase>
    <testcase classname="JobService updateJobStatus should throw when job does not exist" name="JobService updateJobStatus should throw when job does not exist" time="0.025">
    </testcase>
    <testcase classname="JobService terminal and in-progress status helpers isJobInProgress should return true for QUEUED, PROCESSING, EDITING" name="JobService terminal and in-progress status helpers isJobInProgress should return true for QUEUED, PROCESSING, EDITING" time="0.002">
    </testcase>
    <testcase classname="JobService terminal and in-progress status helpers isJobInProgress should return false for COMPLETED, FAILED" name="JobService terminal and in-progress status helpers isJobInProgress should return false for COMPLETED, FAILED" time="0.002">
    </testcase>
    <testcase classname="JobService terminal and in-progress status helpers isJobTerminal should return true for COMPLETED, FAILED" name="JobService terminal and in-progress status helpers isJobTerminal should return true for COMPLETED, FAILED" time="0.002">
    </testcase>
    <testcase classname="JobService terminal and in-progress status helpers isJobTerminal should return false for QUEUED, PROCESSING, EDITING" name="JobService terminal and in-progress status helpers isJobTerminal should return false for QUEUED, PROCESSING, EDITING" time="0.001">
    </testcase>
    <testcase classname="JobService batch job operations createBatchJob should create batch job with required fields" name="JobService batch job operations createBatchJob should create batch job with required fields" time="0.007">
    </testcase>
    <testcase classname="JobService batch job operations incrementBatchJobProgress should increment completedCount" name="JobService batch job operations incrementBatchJobProgress should increment completedCount" time="0.018">
    </testcase>
    <testcase classname="JobService batch job operations incrementBatchJobProgress should mark batch as COMPLETED when all jobs complete" name="JobService batch job operations incrementBatchJobProgress should mark batch as COMPLETED when all jobs complete" time="0.011">
    </testcase>
    <testcase classname="JobService batch job operations getJobsByBatchId should query jobs by batchJobId using GSI" name="JobService batch job operations getJobsByBatchId should query jobs by batchJobId using GSI" time="0.009">
    </testcase>
    <testcase classname="JobService batch job operations getJobsByBatchId should return empty array when no jobs found" name="JobService batch job operations getJobsByBatchId should return empty array when no jobs found" time="0.006">
    </testcase>
  </testsuite>
  <testsuite name="POST /upload/presign - Contract Tests" errors="0" failures="0" skipped="0" timestamp="2025-10-04T06:26:34" time="5.549" tests="7">
    <testcase classname="POST /upload/presign - Contract Tests Single Upload Response Contract should return 200 with valid single upload response schema" name="POST /upload/presign - Contract Tests Single Upload Response Contract should return 200 with valid single upload response schema" time="0.03">
    </testcase>
    <testcase classname="POST /upload/presign - Contract Tests Single Upload Response Contract should return 400 with error schema for missing body" name="POST /upload/presign - Contract Tests Single Upload Response Contract should return 400 with error schema for missing body" time="0.004">
    </testcase>
    <testcase classname="POST /upload/presign - Contract Tests Single Upload Response Contract should return 400 for invalid content type" name="POST /upload/presign - Contract Tests Single Upload Response Contract should return 400 for invalid content type" time="0.006">
    </testcase>
    <testcase classname="POST /upload/presign - Contract Tests Single Upload Response Contract should return 400 for file size exceeding 50MB" name="POST /upload/presign - Contract Tests Single Upload Response Contract should return 400 for file size exceeding 50MB" time="0.005">
    </testcase>
    <testcase classname="POST /upload/presign - Contract Tests Batch Upload Response Contract should return 200 with valid batch upload response schema" name="POST /upload/presign - Contract Tests Batch Upload Response Contract should return 200 with valid batch upload response schema" time="0.018">
    </testcase>
    <testcase classname="POST /upload/presign - Contract Tests Batch Upload Response Contract should enforce max 10 files per batch constraint" name="POST /upload/presign - Contract Tests Batch Upload Response Contract should enforce max 10 files per batch constraint" time="0.003">
    </testcase>
    <testcase classname="POST /upload/presign - Contract Tests Error Response Contract should return 500 with error schema for internal errors" name="POST /upload/presign - Contract Tests Error Response Contract should return 500 with error schema for internal errors" time="0.003">
    </testcase>
  </testsuite>
  <testsuite name="status lambda" errors="0" failures="0" skipped="0" timestamp="2025-10-04T06:26:34" time="5.601" tests="5">
    <testcase classname="status lambda parameter validation should return 400 when jobId is missing" name="status lambda parameter validation should return 400 when jobId is missing" time="0.018">
    </testcase>
    <testcase classname="status lambda successful status retrieval should return 200 with job details when job exists" name="status lambda successful status retrieval should return 200 with job details when job exists" time="0.015">
    </testcase>
    <testcase classname="status lambda successful status retrieval should include error field when job has error" name="status lambda successful status retrieval should include error field when job has error" time="0.013">
    </testcase>
    <testcase classname="status lambda not found handling should return 404 when job does not exist" name="status lambda not found handling should return 404 when job does not exist" time="0.008">
    </testcase>
    <testcase classname="status lambda error handling should return 500 on DynamoDB errors" name="status lambda error handling should return 500 on DynamoDB errors" time="0.009">
    </testcase>
  </testsuite>
  <testsuite name="GET /jobs/{jobId} - Contract Tests" errors="0" failures="0" skipped="0" timestamp="2025-10-04T06:26:34" time="5.635" tests="9">
    <testcase classname="GET /jobs/{jobId} - Contract Tests Successful Job Status Response Contract should return 200 with valid job status response schema for COMPLETED job" name="GET /jobs/{jobId} - Contract Tests Successful Job Status Response Contract should return 200 with valid job status response schema for COMPLETED job" time="0.017">
    </testcase>
    <testcase classname="GET /jobs/{jobId} - Contract Tests Successful Job Status Response Contract should return 200 with valid schema for QUEUED job" name="GET /jobs/{jobId} - Contract Tests Successful Job Status Response Contract should return 200 with valid schema for QUEUED job" time="0.009">
    </testcase>
    <testcase classname="GET /jobs/{jobId} - Contract Tests Successful Job Status Response Contract should return 200 with valid schema for FAILED job with error message" name="GET /jobs/{jobId} - Contract Tests Successful Job Status Response Contract should return 200 with valid schema for FAILED job with error message" time="0.005">
    </testcase>
    <testcase classname="GET /jobs/{jobId} - Contract Tests Successful Job Status Response Contract should include all valid status enum values" name="GET /jobs/{jobId} - Contract Tests Successful Job Status Response Contract should include all valid status enum values" time="0.01">
    </testcase>
    <testcase classname="GET /jobs/{jobId} - Contract Tests Error Response Contract should return 400 with error schema for missing jobId" name="GET /jobs/{jobId} - Contract Tests Error Response Contract should return 400 with error schema for missing jobId" time="0.002">
    </testcase>
    <testcase classname="GET /jobs/{jobId} - Contract Tests Error Response Contract should return 404 with error schema when job not found" name="GET /jobs/{jobId} - Contract Tests Error Response Contract should return 404 with error schema when job not found" time="0.005">
    </testcase>
    <testcase classname="GET /jobs/{jobId} - Contract Tests Error Response Contract should return 500 with error schema for internal errors" name="GET /jobs/{jobId} - Contract Tests Error Response Contract should return 500 with error schema for internal errors" time="0.007">
    </testcase>
    <testcase classname="GET /jobs/{jobId} - Contract Tests Response Format Validation should always return JSON content type" name="GET /jobs/{jobId} - Contract Tests Response Format Validation should always return JSON content type" time="0.007">
    </testcase>
    <testcase classname="GET /jobs/{jobId} - Contract Tests Response Format Validation should return valid JSON in response body" name="GET /jobs/{jobId} - Contract Tests Response Format Validation should return valid JSON in response body" time="0.005">
    </testcase>
  </testsuite>
  <testsuite name="Lambda Import Smoke Tests" errors="0" failures="0" skipped="0" timestamp="2025-10-04T06:26:34" time="5.675" tests="5">
    <testcase classname="Lambda Import Smoke Tests Handler Import Tests presign lambda exports handler function" name="Lambda Import Smoke Tests Handler Import Tests presign lambda exports handler function" time="4.973">
    </testcase>
    <testcase classname="Lambda Import Smoke Tests Handler Import Tests status lambda exports handler function" name="Lambda Import Smoke Tests Handler Import Tests status lambda exports handler function" time="0.081">
    </testcase>
    <testcase classname="Lambda Import Smoke Tests Handler Import Tests worker lambda exports handler function" name="Lambda Import Smoke Tests Handler Import Tests worker lambda exports handler function" time="0.06">
    </testcase>
    <testcase classname="Lambda Import Smoke Tests Service Dependencies Import Tests services export expected classes" name="Lambda Import Smoke Tests Service Dependencies Import Tests services export expected classes" time="0.045">
    </testcase>
    <testcase classname="Lambda Import Smoke Tests Shared Module Import Tests shared schemas export expected validation schemas" name="Lambda Import Smoke Tests Shared Module Import Tests shared schemas export expected validation schemas" time="0.012">
    </testcase>
  </testsuite>
  <testsuite name="presign lambda" errors="0" failures="0" skipped="0" timestamp="2025-10-04T06:26:34" time="5.681" tests="7">
    <testcase classname="presign lambda single upload request should reject missing request body" name="presign lambda single upload request should reject missing request body" time="0.012">
    </testcase>
    <testcase classname="presign lambda single upload request should reject unsupported content type (image/gif)" name="presign lambda single upload request should reject unsupported content type (image/gif)" time="0.004">
    </testcase>
    <testcase classname="presign lambda single upload request should reject file size &gt; 50MB" name="presign lambda single upload request should reject file size &gt; 50MB" time="0.002">
    </testcase>
    <testcase classname="presign lambda single upload request should return valid presigned URL response for valid single upload" name="presign lambda single upload request should return valid presigned URL response for valid single upload" time="0.009">
    </testcase>
    <testcase classname="presign lambda batch upload request should handle batch upload with multiple files" name="presign lambda batch upload request should handle batch upload with multiple files" time="0.009">
    </testcase>
    <testcase classname="presign lambda batch upload request should reject batch with unsupported content type in any file" name="presign lambda batch upload request should reject batch with unsupported content type in any file" time="0.002">
    </testcase>
    <testcase classname="presign lambda error handling should handle DynamoDB errors gracefully" name="presign lambda error handling should handle DynamoDB errors gracefully" time="0.003">
    </testcase>
  </testsuite>
</testsuites>